INFO 2021-08-09 12:30:27,582 - Creating view for compensation calculated
INFO 2021-08-09 12:30:27,582 - None
INFO 2021-08-09 12:30:27,592 - Calculating total compensation for each employee
INFO 2021-08-09 12:30:27,592 - None
INFO 2021-08-09 12:30:27,594 - Creating table to import empwise_total_compensation.xlsx file
INFO 2021-08-09 12:30:27,594 - None
INFO 2021-08-09 12:30:27,595 - Importing file empwise_total_compensation.xlsx to the table
INFO 2021-08-09 12:30:27,595 - None
INFO 2021-08-09 12:30:47,068 - Creating view for compensation calculated
INFO 2021-08-09 12:30:47,078 - Calculating total compensation for each employee
INFO 2021-08-09 12:30:47,079 - Creating table to import empwise_total_compensation.xlsx file
INFO 2021-08-09 12:30:47,082 - Importing file empwise_total_compensation.xlsx to the table
INFO 2021-08-09 12:31:17,483 - Creating view for compensation calculated
INFO 2021-08-09 12:31:17,491 - Calculating total compensation for each employee
INFO 2021-08-09 12:31:17,493 - Creating table to import empwise_total_compensation.xlsx file
INFO 2021-08-09 12:31:17,494 - Importing file empwise_total_compensation.xlsx to the table
INFO 2021-08-09 12:31:35,216 - Creating view for compensation calculated
INFO 2021-08-09 12:31:35,224 - Calculating total compensation for each employee
INFO 2021-08-09 12:31:35,226 - Creating table to import empwise_total_compensation.xlsx file
INFO 2021-08-09 12:31:35,228 - Importing file empwise_total_compensation.xlsx to the table
INFO 2021-08-09 12:31:51,119 - Creating view for compensation calculated
INFO 2021-08-09 12:31:51,127 - Calculating total compensation for each employee
INFO 2021-08-09 12:31:51,129 - Creating table to import empwise_total_compensation.xlsx file
INFO 2021-08-09 12:31:51,131 - Importing file empwise_total_compensation.xlsx to the table
INFO 2021-08-09 12:32:15,857 - Creating view for compensation calculated
INFO 2021-08-09 12:32:15,865 - Calculating total compensation for each employee
INFO 2021-08-09 12:32:15,868 - Creating table to import empwise_total_compensation.xlsx file
INFO 2021-08-09 12:32:15,869 - Importing file empwise_total_compensation.xlsx to the table
INFO 2021-08-09 12:32:33,484 - Creating view for compensation calculated
INFO 2021-08-09 12:32:33,491 - Calculating total compensation for each employee
INFO 2021-08-09 12:32:33,493 - Creating table to import empwise_total_compensation.xlsx file
INFO 2021-08-09 12:32:33,494 - Importing file empwise_total_compensation.xlsx to the table
INFO 2021-08-09 12:32:34,623 - Creating view for compensation calculated
INFO 2021-08-09 12:32:34,631 - Calculating total compensation for each employee
INFO 2021-08-09 12:32:34,632 - Creating table to import empwise_total_compensation.xlsx file
INFO 2021-08-09 12:32:34,633 - Importing file empwise_total_compensation.xlsx to the table
INFO 2021-08-09 12:32:53,065 - Creating view for compensation calculated
INFO 2021-08-09 12:32:53,073 - Calculating total compensation for each employee
INFO 2021-08-09 12:32:53,075 - Creating table to import empwise_total_compensation.xlsx file
INFO 2021-08-09 12:32:53,076 - Importing file empwise_total_compensation.xlsx to the table
INFO 2021-08-09 12:33:04,424 - Creating view for compensation calculated
INFO 2021-08-09 12:33:04,432 - Calculating total compensation for each employee
INFO 2021-08-09 12:33:04,444 - Creating table to import empwise_total_compensation.xlsx file
INFO 2021-08-09 12:33:04,445 - Importing file empwise_total_compensation.xlsx to the table
INFO 2021-08-09 12:33:14,688 - Creating view for compensation calculated
INFO 2021-08-09 12:33:14,697 - Calculating total compensation for each employee
INFO 2021-08-09 12:33:14,698 - Creating table to import empwise_total_compensation.xlsx file
INFO 2021-08-09 12:33:14,699 - Importing file empwise_total_compensation.xlsx to the table
INFO 2021-08-09 12:39:26,833 - testing
INFO 2021-08-09 12:41:05,677 - testing
INFO 2021-08-09 12:41:38,640 - testing
INFO 2021-08-09 12:53:47,774 - Saving employees and their managers in emp_and_managers.xlsx file
INFO 2021-08-09 12:53:47,784 - Q1(a)- Creating view for compensation calculated
INFO 2021-08-09 12:53:47,789 - Q1(b)- Calculating total compensation for each employee
INFO 2021-08-09 12:53:47,792 - Q3(a)- Creating table to import empwise_total_compensation.xlsx file
INFO 2021-08-09 12:53:47,793 - Q3(b)- Importing file empwise_total_compensation.xlsx to the table
